<?xml version="1.0" encoding="UTF-8"?>
<testsuite xmlns:xsi="http://www.w3.org/2001/XMLSchema-instance" xsi:noNamespaceSchemaLocation="https://maven.apache.org/surefire/maven-surefire-plugin/xsd/surefire-test-report.xsd" name="httpclientreqres.NewTest" time="27.088" tests="15" errors="0" skipped="0" failures="5">
  <properties>
    <property name="sun.desktop" value="gnome"/>
    <property name="awt.toolkit" value="sun.awt.X11.XToolkit"/>
    <property name="file.encoding.pkg" value="sun.io"/>
    <property name="java.specification.version" value="1.8"/>
    <property name="sun.cpu.isalist" value=""/>
    <property name="sun.jnu.encoding" value="UTF-8"/>
    <property name="java.class.path" value="/home/qainfotech/Desktop/Neetu/httpclientreqres/target/test-classes:/home/qainfotech/Desktop/Neetu/httpclientreqres/target/classes:/home/qainfotech/.m2/repository/junit/junit/3.8.1/junit-3.8.1.jar:/home/qainfotech/.m2/repository/org/seleniumhq/selenium/selenium-java/2.53.1/selenium-java-2.53.1.jar:/home/qainfotech/.m2/repository/org/seleniumhq/selenium/selenium-chrome-driver/2.53.1/selenium-chrome-driver-2.53.1.jar:/home/qainfotech/.m2/repository/org/seleniumhq/selenium/selenium-remote-driver/2.53.1/selenium-remote-driver-2.53.1.jar:/home/qainfotech/.m2/repository/cglib/cglib-nodep/2.1_3/cglib-nodep-2.1_3.jar:/home/qainfotech/.m2/repository/com/google/code/gson/gson/2.3.1/gson-2.3.1.jar:/home/qainfotech/.m2/repository/org/seleniumhq/selenium/selenium-api/2.53.1/selenium-api-2.53.1.jar:/home/qainfotech/.m2/repository/com/google/guava/guava/19.0/guava-19.0.jar:/home/qainfotech/.m2/repository/org/seleniumhq/selenium/selenium-edge-driver/2.53.1/selenium-edge-driver-2.53.1.jar:/home/qainfotech/.m2/repository/commons-io/commons-io/2.4/commons-io-2.4.jar:/home/qainfotech/.m2/repository/org/apache/commons/commons-exec/1.3/commons-exec-1.3.jar:/home/qainfotech/.m2/repository/org/seleniumhq/selenium/htmlunit-driver/2.21/htmlunit-driver-2.21.jar:/home/qainfotech/.m2/repository/net/sourceforge/htmlunit/htmlunit/2.21/htmlunit-2.21.jar:/home/qainfotech/.m2/repository/xalan/xalan/2.7.2/xalan-2.7.2.jar:/home/qainfotech/.m2/repository/xalan/serializer/2.7.2/serializer-2.7.2.jar:/home/qainfotech/.m2/repository/org/apache/httpcomponents/httpmime/4.5.2/httpmime-4.5.2.jar:/home/qainfotech/.m2/repository/net/sourceforge/htmlunit/htmlunit-core-js/2.17/htmlunit-core-js-2.17.jar:/home/qainfotech/.m2/repository/net/sourceforge/htmlunit/neko-htmlunit/2.21/neko-htmlunit-2.21.jar:/home/qainfotech/.m2/repository/xerces/xercesImpl/2.11.0/xercesImpl-2.11.0.jar:/home/qainfotech/.m2/repository/xml-apis/xml-apis/1.4.01/xml-apis-1.4.01.jar:/home/qainfotech/.m2/repository/net/sourceforge/cssparser/cssparser/0.9.18/cssparser-0.9.18.jar:/home/qainfotech/.m2/repository/org/w3c/css/sac/1.3/sac-1.3.jar:/home/qainfotech/.m2/repository/org/eclipse/jetty/websocket/websocket-client/9.2.15.v20160210/websocket-client-9.2.15.v20160210.jar:/home/qainfotech/.m2/repository/org/eclipse/jetty/jetty-util/9.2.15.v20160210/jetty-util-9.2.15.v20160210.jar:/home/qainfotech/.m2/repository/org/eclipse/jetty/jetty-io/9.2.15.v20160210/jetty-io-9.2.15.v20160210.jar:/home/qainfotech/.m2/repository/org/eclipse/jetty/websocket/websocket-common/9.2.15.v20160210/websocket-common-9.2.15.v20160210.jar:/home/qainfotech/.m2/repository/org/eclipse/jetty/websocket/websocket-api/9.2.15.v20160210/websocket-api-9.2.15.v20160210.jar:/home/qainfotech/.m2/repository/commons-collections/commons-collections/3.2.2/commons-collections-3.2.2.jar:/home/qainfotech/.m2/repository/org/seleniumhq/selenium/selenium-firefox-driver/2.53.1/selenium-firefox-driver-2.53.1.jar:/home/qainfotech/.m2/repository/org/seleniumhq/selenium/selenium-ie-driver/2.53.1/selenium-ie-driver-2.53.1.jar:/home/qainfotech/.m2/repository/net/java/dev/jna/jna/4.1.0/jna-4.1.0.jar:/home/qainfotech/.m2/repository/net/java/dev/jna/jna-platform/4.1.0/jna-platform-4.1.0.jar:/home/qainfotech/.m2/repository/org/seleniumhq/selenium/selenium-safari-driver/2.53.1/selenium-safari-driver-2.53.1.jar:/home/qainfotech/.m2/repository/io/netty/netty/3.5.7.Final/netty-3.5.7.Final.jar:/home/qainfotech/.m2/repository/org/seleniumhq/selenium/selenium-support/2.53.1/selenium-support-2.53.1.jar:/home/qainfotech/.m2/repository/org/seleniumhq/selenium/selenium-leg-rc/2.53.1/selenium-leg-rc-2.53.1.jar:/home/qainfotech/.m2/repository/org/testng/testng/6.8/testng-6.8.jar:/home/qainfotech/.m2/repository/org/beanshell/bsh/2.0b4/bsh-2.0b4.jar:/home/qainfotech/.m2/repository/com/beust/jcommander/1.27/jcommander-1.27.jar:/home/qainfotech/.m2/repository/org/yaml/snakeyaml/1.6/snakeyaml-1.6.jar:/home/qainfotech/.m2/repository/mysql/mysql-connector-java/5.1.6/mysql-connector-java-5.1.6.jar:/home/qainfotech/.m2/repository/org/apache/httpcomponents/httpclient/4.5.6/httpclient-4.5.6.jar:/home/qainfotech/.m2/repository/org/apache/httpcomponents/httpcore/4.4.10/httpcore-4.4.10.jar:/home/qainfotech/.m2/repository/commons-logging/commons-logging/1.2/commons-logging-1.2.jar:/home/qainfotech/.m2/repository/commons-codec/commons-codec/1.10/commons-codec-1.10.jar:/home/qainfotech/.m2/repository/org/apache/commons/commons-lang3/3.6/commons-lang3-3.6.jar:/home/qainfotech/.m2/repository/org/apache/maven/surefire/surefire-testng-utils/2.22.0/surefire-testng-utils-2.22.0.jar:/home/qainfotech/.m2/repository/org/apache/maven/surefire/surefire-grouper/2.22.0/surefire-grouper-2.22.0.jar:"/>
    <property name="java.vm.vendor" value="Oracle Corporation"/>
    <property name="sun.arch.data.model" value="64"/>
    <property name="java.vendor.url" value="http://java.oracle.com/"/>
    <property name="user.timezone" value=""/>
    <property name="java.vm.specification.version" value="1.8"/>
    <property name="os.name" value="Linux"/>
    <property name="user.country" value="IN"/>
    <property name="sun.java.launcher" value="SUN_STANDARD"/>
    <property name="sun.boot.library.path" value="/usr/lib/jvm/java-8-oracle/jre/lib/amd64"/>
    <property name="sun.java.command" value="/home/qainfotech/Desktop/Neetu/httpclientreqres/target/surefire/surefirebooter5426599981111973523.jar /home/qainfotech/Desktop/Neetu/httpclientreqres/target/surefire 2018-07-19T12-28-01_277-jvmRun1 surefire6583024061364067933tmp surefire_07407933405541161221tmp"/>
    <property name="surefire.test.class.path" value="/home/qainfotech/Desktop/Neetu/httpclientreqres/target/test-classes:/home/qainfotech/Desktop/Neetu/httpclientreqres/target/classes:/home/qainfotech/.m2/repository/junit/junit/3.8.1/junit-3.8.1.jar:/home/qainfotech/.m2/repository/org/seleniumhq/selenium/selenium-java/2.53.1/selenium-java-2.53.1.jar:/home/qainfotech/.m2/repository/org/seleniumhq/selenium/selenium-chrome-driver/2.53.1/selenium-chrome-driver-2.53.1.jar:/home/qainfotech/.m2/repository/org/seleniumhq/selenium/selenium-remote-driver/2.53.1/selenium-remote-driver-2.53.1.jar:/home/qainfotech/.m2/repository/cglib/cglib-nodep/2.1_3/cglib-nodep-2.1_3.jar:/home/qainfotech/.m2/repository/com/google/code/gson/gson/2.3.1/gson-2.3.1.jar:/home/qainfotech/.m2/repository/org/seleniumhq/selenium/selenium-api/2.53.1/selenium-api-2.53.1.jar:/home/qainfotech/.m2/repository/com/google/guava/guava/19.0/guava-19.0.jar:/home/qainfotech/.m2/repository/org/seleniumhq/selenium/selenium-edge-driver/2.53.1/selenium-edge-driver-2.53.1.jar:/home/qainfotech/.m2/repository/commons-io/commons-io/2.4/commons-io-2.4.jar:/home/qainfotech/.m2/repository/org/apache/commons/commons-exec/1.3/commons-exec-1.3.jar:/home/qainfotech/.m2/repository/org/seleniumhq/selenium/htmlunit-driver/2.21/htmlunit-driver-2.21.jar:/home/qainfotech/.m2/repository/net/sourceforge/htmlunit/htmlunit/2.21/htmlunit-2.21.jar:/home/qainfotech/.m2/repository/xalan/xalan/2.7.2/xalan-2.7.2.jar:/home/qainfotech/.m2/repository/xalan/serializer/2.7.2/serializer-2.7.2.jar:/home/qainfotech/.m2/repository/org/apache/httpcomponents/httpmime/4.5.2/httpmime-4.5.2.jar:/home/qainfotech/.m2/repository/net/sourceforge/htmlunit/htmlunit-core-js/2.17/htmlunit-core-js-2.17.jar:/home/qainfotech/.m2/repository/net/sourceforge/htmlunit/neko-htmlunit/2.21/neko-htmlunit-2.21.jar:/home/qainfotech/.m2/repository/xerces/xercesImpl/2.11.0/xercesImpl-2.11.0.jar:/home/qainfotech/.m2/repository/xml-apis/xml-apis/1.4.01/xml-apis-1.4.01.jar:/home/qainfotech/.m2/repository/net/sourceforge/cssparser/cssparser/0.9.18/cssparser-0.9.18.jar:/home/qainfotech/.m2/repository/org/w3c/css/sac/1.3/sac-1.3.jar:/home/qainfotech/.m2/repository/org/eclipse/jetty/websocket/websocket-client/9.2.15.v20160210/websocket-client-9.2.15.v20160210.jar:/home/qainfotech/.m2/repository/org/eclipse/jetty/jetty-util/9.2.15.v20160210/jetty-util-9.2.15.v20160210.jar:/home/qainfotech/.m2/repository/org/eclipse/jetty/jetty-io/9.2.15.v20160210/jetty-io-9.2.15.v20160210.jar:/home/qainfotech/.m2/repository/org/eclipse/jetty/websocket/websocket-common/9.2.15.v20160210/websocket-common-9.2.15.v20160210.jar:/home/qainfotech/.m2/repository/org/eclipse/jetty/websocket/websocket-api/9.2.15.v20160210/websocket-api-9.2.15.v20160210.jar:/home/qainfotech/.m2/repository/commons-collections/commons-collections/3.2.2/commons-collections-3.2.2.jar:/home/qainfotech/.m2/repository/org/seleniumhq/selenium/selenium-firefox-driver/2.53.1/selenium-firefox-driver-2.53.1.jar:/home/qainfotech/.m2/repository/org/seleniumhq/selenium/selenium-ie-driver/2.53.1/selenium-ie-driver-2.53.1.jar:/home/qainfotech/.m2/repository/net/java/dev/jna/jna/4.1.0/jna-4.1.0.jar:/home/qainfotech/.m2/repository/net/java/dev/jna/jna-platform/4.1.0/jna-platform-4.1.0.jar:/home/qainfotech/.m2/repository/org/seleniumhq/selenium/selenium-safari-driver/2.53.1/selenium-safari-driver-2.53.1.jar:/home/qainfotech/.m2/repository/io/netty/netty/3.5.7.Final/netty-3.5.7.Final.jar:/home/qainfotech/.m2/repository/org/seleniumhq/selenium/selenium-support/2.53.1/selenium-support-2.53.1.jar:/home/qainfotech/.m2/repository/org/seleniumhq/selenium/selenium-leg-rc/2.53.1/selenium-leg-rc-2.53.1.jar:/home/qainfotech/.m2/repository/org/testng/testng/6.8/testng-6.8.jar:/home/qainfotech/.m2/repository/org/beanshell/bsh/2.0b4/bsh-2.0b4.jar:/home/qainfotech/.m2/repository/com/beust/jcommander/1.27/jcommander-1.27.jar:/home/qainfotech/.m2/repository/org/yaml/snakeyaml/1.6/snakeyaml-1.6.jar:/home/qainfotech/.m2/repository/mysql/mysql-connector-java/5.1.6/mysql-connector-java-5.1.6.jar:/home/qainfotech/.m2/repository/org/apache/httpcomponents/httpclient/4.5.6/httpclient-4.5.6.jar:/home/qainfotech/.m2/repository/org/apache/httpcomponents/httpcore/4.4.10/httpcore-4.4.10.jar:/home/qainfotech/.m2/repository/commons-logging/commons-logging/1.2/commons-logging-1.2.jar:/home/qainfotech/.m2/repository/commons-codec/commons-codec/1.10/commons-codec-1.10.jar:/home/qainfotech/.m2/repository/org/apache/commons/commons-lang3/3.6/commons-lang3-3.6.jar:/home/qainfotech/.m2/repository/org/apache/maven/surefire/surefire-testng-utils/2.22.0/surefire-testng-utils-2.22.0.jar:/home/qainfotech/.m2/repository/org/apache/maven/surefire/surefire-grouper/2.22.0/surefire-grouper-2.22.0.jar:"/>
    <property name="sun.cpu.endian" value="little"/>
    <property name="user.home" value="/home/qainfotech"/>
    <property name="user.language" value="en"/>
    <property name="java.specification.vendor" value="Oracle Corporation"/>
    <property name="java.home" value="/usr/lib/jvm/java-8-oracle/jre"/>
    <property name="basedir" value="/home/qainfotech/Desktop/Neetu/httpclientreqres"/>
    <property name="file.separator" value="/"/>
    <property name="line.separator" value="&#10;"/>
    <property name="java.vm.specification.vendor" value="Oracle Corporation"/>
    <property name="java.specification.name" value="Java Platform API Specification"/>
    <property name="java.awt.graphicsenv" value="sun.awt.X11GraphicsEnvironment"/>
    <property name="surefire.real.class.path" value="/home/qainfotech/Desktop/Neetu/httpclientreqres/target/surefire/surefirebooter5426599981111973523.jar"/>
    <property name="sun.boot.class.path" value="/usr/lib/jvm/java-8-oracle/jre/lib/resources.jar:/usr/lib/jvm/java-8-oracle/jre/lib/rt.jar:/usr/lib/jvm/java-8-oracle/jre/lib/sunrsasign.jar:/usr/lib/jvm/java-8-oracle/jre/lib/jsse.jar:/usr/lib/jvm/java-8-oracle/jre/lib/jce.jar:/usr/lib/jvm/java-8-oracle/jre/lib/charsets.jar:/usr/lib/jvm/java-8-oracle/jre/lib/jfr.jar:/usr/lib/jvm/java-8-oracle/jre/classes"/>
    <property name="sun.management.compiler" value="HotSpot 64-Bit Tiered Compilers"/>
    <property name="java.runtime.version" value="1.8.0_171-b11"/>
    <property name="user.name" value="qainfotech"/>
    <property name="path.separator" value=":"/>
    <property name="os.version" value="3.13.0-153-generic"/>
    <property name="java.endorsed.dirs" value="/usr/lib/jvm/java-8-oracle/jre/lib/endorsed"/>
    <property name="java.runtime.name" value="Java(TM) SE Runtime Environment"/>
    <property name="file.encoding" value="UTF-8"/>
    <property name="java.vm.name" value="Java HotSpot(TM) 64-Bit Server VM"/>
    <property name="localRepository" value="/home/qainfotech/.m2/repository"/>
    <property name="java.vendor.url.bug" value="http://bugreport.sun.com/bugreport/"/>
    <property name="java.io.tmpdir" value="/tmp"/>
    <property name="java.version" value="1.8.0_171"/>
    <property name="user.dir" value="/home/qainfotech/Desktop/Neetu/httpclientreqres"/>
    <property name="os.arch" value="amd64"/>
    <property name="java.vm.specification.name" value="Java Virtual Machine Specification"/>
    <property name="java.awt.printerjob" value="sun.print.PSPrinterJob"/>
    <property name="sun.os.patch.level" value="unknown"/>
    <property name="java.library.path" value="/usr/java/packages/lib/amd64:/usr/lib64:/lib64:/lib:/usr/lib"/>
    <property name="java.vm.info" value="mixed mode"/>
    <property name="java.vendor" value="Oracle Corporation"/>
    <property name="java.vm.version" value="25.171-b11"/>
    <property name="java.ext.dirs" value="/usr/lib/jvm/java-8-oracle/jre/lib/ext:/usr/java/packages/lib/ext"/>
    <property name="sun.io.unicode.encoding" value="UnicodeLittle"/>
    <property name="java.class.version" value="52.0"/>
  </properties>
  <testcase name="test01ListUsers" classname="httpclientreqres.NewTest" time="1.391"/>
  <testcase name="test02SingleUser" classname="httpclientreqres.NewTest" time="1.297"/>
  <testcase name="test03SingleUserNotFound" classname="httpclientreqres.NewTest" time="0.96"/>
  <testcase name="test04ListResource" classname="httpclientreqres.NewTest" time="0.962"/>
  <testcase name="test05SingleResource" classname="httpclientreqres.NewTest" time="0.884"/>
  <testcase name="test06SingleResourceNotFound" classname="httpclientreqres.NewTest" time="10.36"/>
  <testcase name="test07Create" classname="httpclientreqres.NewTest" time="1.214">
    <failure message="expected:&lt;201&gt; but was:&lt;200&gt;" type="junit.framework.AssertionFailedError"><![CDATA[junit.framework.AssertionFailedError: expected:<201> but was:<200>
	at httpclientreqres.NewTest.test07Create(NewTest.java:100)
]]></failure>
    <system-out><![CDATA[Create Response Code: 200
]]></system-out>
  </testcase>
  <testcase name="test08Update" classname="httpclientreqres.NewTest" time="0.875"/>
  <testcase name="test09Patch" classname="httpclientreqres.NewTest" time="1.043"/>
  <testcase name="test10Delete" classname="httpclientreqres.NewTest" time="0.855">
    <failure message="expected:&lt;204&gt; but was:&lt;200&gt;" type="junit.framework.AssertionFailedError"><![CDATA[junit.framework.AssertionFailedError: expected:<204> but was:<200>
	at httpclientreqres.NewTest.test10Delete(NewTest.java:136)
]]></failure>
    <system-out><![CDATA[Delete Response Code: 200
]]></system-out>
  </testcase>
  <testcase name="test11RegisterSuccessful" classname="httpclientreqres.NewTest" time="0.707">
    <failure message="expected:&lt;204&gt; but was:&lt;200&gt;" type="junit.framework.AssertionFailedError"><![CDATA[junit.framework.AssertionFailedError: expected:<204> but was:<200>
	at httpclientreqres.NewTest.test11RegisterSuccessful(NewTest.java:149)
]]></failure>
    <system-out><![CDATA[Register Successful Response Code: 200
]]></system-out>
  </testcase>
  <testcase name="test12RegisterUnsuccessful" classname="httpclientreqres.NewTest" time="0.87">
    <failure message="expected:&lt;400&gt; but was:&lt;200&gt;" type="junit.framework.AssertionFailedError"><![CDATA[junit.framework.AssertionFailedError: expected:<400> but was:<200>
	at httpclientreqres.NewTest.test12RegisterUnsuccessful(NewTest.java:161)
]]></failure>
    <system-out><![CDATA[Register Successful Response Code: 200
]]></system-out>
  </testcase>
  <testcase name="test13LoginSuccessful" classname="httpclientreqres.NewTest" time="0.872"/>
  <testcase name="test14LoginUnSuccessful" classname="httpclientreqres.NewTest" time="0.693">
    <failure message="expected:&lt;400&gt; but was:&lt;200&gt;" type="junit.framework.AssertionFailedError"><![CDATA[junit.framework.AssertionFailedError: expected:<400> but was:<200>
	at httpclientreqres.NewTest.test14LoginUnSuccessful(NewTest.java:185)
]]></failure>
    <system-out><![CDATA[Login UnSuccessful Response Code: 200
]]></system-out>
  </testcase>
  <testcase name="test15DelayedResponse" classname="httpclientreqres.NewTest" time="3.858"/>
</testsuite>